<?xml version="1.0" encoding="UTF-8"?>
<!-- Generated by org.testng.reporters.JUnitReportReporter -->
<testsuite hostname="7ushar" failures="0" tests="1" name="parallel.ParallelRun" time="26.920" errors="0" timestamp="10 Oct 2022 16:16:24 GMT" skipped="0">
  <testcase classname="parallel.ParallelRun" name="runScenario" time="26.920"/>
</testsuite> <!-- parallel.ParallelRun -->
